[28-Mar-2023 18:15:50 UTC] PHP Warning:  PHP Startup: Unable to load dynamic library '/Users/chasedemaster.tech/Library/Application Support/Local/lightning-services/php-8.0.22+6/bin/darwin/lib/php/extensions/no-debug-non-zts-20200930/imagick.so' (tried: /Users/chasedemaster.tech/Library/Application Support/Local/lightning-services/php-8.0.22+6/bin/darwin/lib/php/extensions/no-debug-non-zts-20200930/imagick.so (dlopen(/Users/chasedemaster.tech/Library/Application Support/Local/lightning-services/php-8.0.22+6/bin/darwin/lib/php/extensions/no-debug-non-zts-20200930/imagick.so, 0x0009): tried: '/Users/chasedemaster.tech/Library/Application Support/Local/lightning-services/php-8.0.22+6/bin/darwin/lib/php/extensions/no-debug-non-zts-20200930/imagick.so' (mach-o file, but is an incompatible architecture (have (x86_64), need (arm64e)))), /opt/homebrew/Cellar/php/8.2.4/lib/php/20220829//Users/chasedemaster.tech/Library/Application Support/Local/lightning-services/php-8.0.22+6/bin/darwin/lib/php/extensions/no-debug-non-zts-20200930/imagick.so.so (dlopen(/opt/homebrew/Cellar/php/8.2.4/lib/php/20220829//Users/chasedemaster.tech/Library/Application Support/Local/lightning-services/php-8.0.22+6/bin/darwin/lib/php/extensions/no-debug-non-zts-20200930/imagick.so.so, 0x0009): tried: '/opt/homebrew/Cellar/php/8.2.4/lib/php/20220829//Users/chasedemaster.tech/Library/Application Support/Local/lightning-services/php-8.0.22+6/bin/darwin/lib/php/extensions/no-debug-non-zts-20200930/imagick.so.so' (no such file))) in Unknown on line 0
[28-Mar-2023 18:20:26 UTC] PHP Warning:  PHP Startup: imagick: Unable to initialize module
Module compiled with module API=20200930
PHP    compiled with module API=20210902
These options need to match
 in Unknown on line 0
[28-Mar-2023 18:20:27 UTC] PHP Warning:  PHP Startup: imagick: Unable to initialize module
Module compiled with module API=20200930
PHP    compiled with module API=20210902
These options need to match
 in Unknown on line 0
[28-Mar-2023 18:23:36 UTC] PHP Fatal error:  Uncaught Roots\Acorn\Assets\Contracts\ManifestNotFoundException: The manifest [/Users/chasedemaster.tech/Local Sites/insperity-theme/app/public/wp-content/themes/insperitytheme/public/manifest.json] cannot be found. in /Users/chasedemaster.tech/Local Sites/insperity-theme/app/public/wp-content/themes/insperitytheme/vendor/roots/acorn/src/Roots/Acorn/Assets/Manager.php:133
Stack trace:
#0 /Users/chasedemaster.tech/Local Sites/insperity-theme/app/public/wp-content/themes/insperitytheme/vendor/roots/acorn/src/Roots/Acorn/Assets/Manager.php(101): Roots\Acorn\Assets\Manager->getJsonManifest('/Users/chasedem...')
#1 /Users/chasedemaster.tech/Local Sites/insperity-theme/app/public/wp-content/themes/insperitytheme/vendor/roots/acorn/src/Roots/Acorn/Assets/Manager.php(76): Roots\Acorn\Assets\Manager->resolve('theme', Array)
#2 /Users/chasedemaster.tech/Local Sites/insperity-theme/app/public/wp-content/themes/insperitytheme/vendor/roots/acorn/src/Roots/Acorn/Assets/AssetsServiceProvider.php(22): Roots\Acorn\Assets\Manager->manifest('theme')
#3 /Users/chasedemaster.tech/Local Sites/insperity-theme/app/public/wp-content/themes/insperitytheme/vendor/illuminate/container/Container.php(885): Roots\Acorn\Assets\AssetsServiceProvider->Roots\Acorn\Assets\{closure}(Object(Roots\Acorn\Application), Array)
#4 /Users/chasedemaster.tech/Local Sites/insperity-theme/app/public/wp-content/themes/insperitytheme/vendor/illuminate/container/Container.php(770): Illuminate\Container\Container->build(Object(Closure))
#5 /Users/chasedemaster.tech/Local Sites/insperity-theme/app/public/wp-content/themes/insperitytheme/vendor/roots/acorn/src/Illuminate/Foundation/Application.php(860): Illuminate\Container\Container->resolve('assets.manifest', Array, true)
#6 /Users/chasedemaster.tech/Local Sites/insperity-theme/app/public/wp-content/themes/insperitytheme/vendor/illuminate/container/Container.php(706): Illuminate\Foundation\Application->resolve('assets.manifest', Array)
#7 /Users/chasedemaster.tech/Local Sites/insperity-theme/app/public/wp-content/themes/insperitytheme/vendor/roots/acorn/src/Illuminate/Foundation/Application.php(845): Illuminate\Container\Container->make('assets.manifest', Array)
#8 /Users/chasedemaster.tech/Local Sites/insperity-theme/app/public/wp-content/themes/insperitytheme/vendor/roots/acorn/src/Illuminate/Foundation/helpers.php(120): Illuminate\Foundation\Application->make('assets.manifest', Array)
#9 /Users/chasedemaster.tech/Local Sites/insperity-theme/app/public/wp-content/themes/insperitytheme/vendor/roots/acorn/src/Roots/helpers.php(37): app('assets.manifest')
#10 /Users/chasedemaster.tech/Local Sites/insperity-theme/app/public/wp-content/themes/insperitytheme/app/setup.php(26): Roots\bundle('editor')
#11 /Users/chasedemaster.tech/Local Sites/insperity-theme/app/public/wp-includes/class-wp-hook.php(308): App\{closure}('')
#12 /Users/chasedemaster.tech/Local Sites/insperity-theme/app/public/wp-includes/class-wp-hook.php(332): WP_Hook->apply_filters(NULL, Array)
#13 /Users/chasedemaster.tech/Local Sites/insperity-theme/app/public/wp-includes/plugin.php(517): WP_Hook->do_action(Array)
#14 /Users/chasedemaster.tech/Local Sites/insperity-theme/app/public/wp-includes/class-wp-customize-widgets.php(879): do_action('enqueue_block_e...')
#15 /Users/chasedemaster.tech/Local Sites/insperity-theme/app/public/wp-includes/class-wp-hook.php(308): WP_Customize_Widgets->enqueue_scripts('')
#16 /Users/chasedemaster.tech/Local Sites/insperity-theme/app/public/wp-includes/class-wp-hook.php(332): WP_Hook->apply_filters(NULL, Array)
#17 /Users/chasedemaster.tech/Local Sites/insperity-theme/app/public/wp-includes/plugin.php(517): WP_Hook->do_action(Array)
#18 /Users/chasedemaster.tech/Local Sites/insperity-theme/app/public/wp-admin/customize.php(123): do_action('customize_contr...')
#19 {main}
  thrown in /Users/chasedemaster.tech/Local Sites/insperity-theme/app/public/wp-content/themes/insperitytheme/vendor/roots/acorn/src/Roots/Acorn/Assets/Manager.php on line 133
[28-Mar-2023 18:23:36 UTC] PHP Warning:  Trying to access array offset on value of type bool in /Users/chasedemaster.tech/Local Sites/insperity-theme/app/public/wp-includes/class-wp-recovery-mode-email-service.php on line 372
[28-Mar-2023 18:23:36 UTC] PHP Warning:  Trying to access array offset on value of type bool in /Users/chasedemaster.tech/Local Sites/insperity-theme/app/public/wp-includes/class-wp-recovery-mode-email-service.php on line 373
[28-Mar-2023 18:23:47 UTC] PHP Fatal error:  Uncaught Roots\Acorn\Assets\Contracts\ManifestNotFoundException: The manifest [/Users/chasedemaster.tech/Local Sites/insperity-theme/app/public/wp-content/themes/insperitytheme/public/manifest.json] cannot be found. in /Users/chasedemaster.tech/Local Sites/insperity-theme/app/public/wp-content/themes/insperitytheme/vendor/roots/acorn/src/Roots/Acorn/Assets/Manager.php:133
Stack trace:
#0 /Users/chasedemaster.tech/Local Sites/insperity-theme/app/public/wp-content/themes/insperitytheme/vendor/roots/acorn/src/Roots/Acorn/Assets/Manager.php(101): Roots\Acorn\Assets\Manager->getJsonManifest('/Users/chasedem...')
#1 /Users/chasedemaster.tech/Local Sites/insperity-theme/app/public/wp-content/themes/insperitytheme/vendor/roots/acorn/src/Roots/Acorn/Assets/Manager.php(76): Roots\Acorn\Assets\Manager->resolve('theme', Array)
#2 /Users/chasedemaster.tech/Local Sites/insperity-theme/app/public/wp-content/themes/insperitytheme/vendor/roots/acorn/src/Roots/Acorn/Assets/AssetsServiceProvider.php(22): Roots\Acorn\Assets\Manager->manifest('theme')
#3 /Users/chasedemaster.tech/Local Sites/insperity-theme/app/public/wp-content/themes/insperitytheme/vendor/illuminate/container/Container.php(885): Roots\Acorn\Assets\AssetsServiceProvider->Roots\Acorn\Assets\{closure}(Object(Roots\Acorn\Application), Array)
#4 /Users/chasedemaster.tech/Local Sites/insperity-theme/app/public/wp-content/themes/insperitytheme/vendor/illuminate/container/Container.php(770): Illuminate\Container\Container->build(Object(Closure))
#5 /Users/chasedemaster.tech/Local Sites/insperity-theme/app/public/wp-content/themes/insperitytheme/vendor/roots/acorn/src/Illuminate/Foundation/Application.php(860): Illuminate\Container\Container->resolve('assets.manifest', Array, true)
#6 /Users/chasedemaster.tech/Local Sites/insperity-theme/app/public/wp-content/themes/insperitytheme/vendor/illuminate/container/Container.php(706): Illuminate\Foundation\Application->resolve('assets.manifest', Array)
#7 /Users/chasedemaster.tech/Local Sites/insperity-theme/app/public/wp-content/themes/insperitytheme/vendor/roots/acorn/src/Illuminate/Foundation/Application.php(845): Illuminate\Container\Container->make('assets.manifest', Array)
#8 /Users/chasedemaster.tech/Local Sites/insperity-theme/app/public/wp-content/themes/insperitytheme/vendor/roots/acorn/src/Illuminate/Foundation/helpers.php(120): Illuminate\Foundation\Application->make('assets.manifest', Array)
#9 /Users/chasedemaster.tech/Local Sites/insperity-theme/app/public/wp-content/themes/insperitytheme/vendor/roots/acorn/src/Roots/helpers.php(37): app('assets.manifest')
#10 /Users/chasedemaster.tech/Local Sites/insperity-theme/app/public/wp-content/themes/insperitytheme/app/setup.php(26): Roots\bundle('editor')
#11 /Users/chasedemaster.tech/Local Sites/insperity-theme/app/public/wp-includes/class-wp-hook.php(308): App\{closure}('')
#12 /Users/chasedemaster.tech/Local Sites/insperity-theme/app/public/wp-includes/class-wp-hook.php(332): WP_Hook->apply_filters(NULL, Array)
#13 /Users/chasedemaster.tech/Local Sites/insperity-theme/app/public/wp-includes/plugin.php(517): WP_Hook->do_action(Array)
#14 /Users/chasedemaster.tech/Local Sites/insperity-theme/app/public/wp-includes/class-wp-customize-widgets.php(879): do_action('enqueue_block_e...')
#15 /Users/chasedemaster.tech/Local Sites/insperity-theme/app/public/wp-includes/class-wp-hook.php(308): WP_Customize_Widgets->enqueue_scripts('')
#16 /Users/chasedemaster.tech/Local Sites/insperity-theme/app/public/wp-includes/class-wp-hook.php(332): WP_Hook->apply_filters(NULL, Array)
#17 /Users/chasedemaster.tech/Local Sites/insperity-theme/app/public/wp-includes/plugin.php(517): WP_Hook->do_action(Array)
#18 /Users/chasedemaster.tech/Local Sites/insperity-theme/app/public/wp-admin/customize.php(123): do_action('customize_contr...')
#19 {main}
  thrown in /Users/chasedemaster.tech/Local Sites/insperity-theme/app/public/wp-content/themes/insperitytheme/vendor/roots/acorn/src/Roots/Acorn/Assets/Manager.php on line 133
[28-Mar-2023 18:23:49 UTC] PHP Fatal error:  Uncaught Roots\Acorn\Assets\Contracts\ManifestNotFoundException: The manifest [/Users/chasedemaster.tech/Local Sites/insperity-theme/app/public/wp-content/themes/insperitytheme/public/manifest.json] cannot be found. in /Users/chasedemaster.tech/Local Sites/insperity-theme/app/public/wp-content/themes/insperitytheme/vendor/roots/acorn/src/Roots/Acorn/Assets/Manager.php:133
Stack trace:
#0 /Users/chasedemaster.tech/Local Sites/insperity-theme/app/public/wp-content/themes/insperitytheme/vendor/roots/acorn/src/Roots/Acorn/Assets/Manager.php(101): Roots\Acorn\Assets\Manager->getJsonManifest('/Users/chasedem...')
#1 /Users/chasedemaster.tech/Local Sites/insperity-theme/app/public/wp-content/themes/insperitytheme/vendor/roots/acorn/src/Roots/Acorn/Assets/Manager.php(76): Roots\Acorn\Assets\Manager->resolve('theme', Array)
#2 /Users/chasedemaster.tech/Local Sites/insperity-theme/app/public/wp-content/themes/insperitytheme/vendor/roots/acorn/src/Roots/Acorn/Assets/AssetsServiceProvider.php(22): Roots\Acorn\Assets\Manager->manifest('theme')
#3 /Users/chasedemaster.tech/Local Sites/insperity-theme/app/public/wp-content/themes/insperitytheme/vendor/illuminate/container/Container.php(885): Roots\Acorn\Assets\AssetsServiceProvider->Roots\Acorn\Assets\{closure}(Object(Roots\Acorn\Application), Array)
#4 /Users/chasedemaster.tech/Local Sites/insperity-theme/app/public/wp-content/themes/insperitytheme/vendor/illuminate/container/Container.php(770): Illuminate\Container\Container->build(Object(Closure))
#5 /Users/chasedemaster.tech/Local Sites/insperity-theme/app/public/wp-content/themes/insperitytheme/vendor/roots/acorn/src/Illuminate/Foundation/Application.php(860): Illuminate\Container\Container->resolve('assets.manifest', Array, true)
#6 /Users/chasedemaster.tech/Local Sites/insperity-theme/app/public/wp-content/themes/insperitytheme/vendor/illuminate/container/Container.php(706): Illuminate\Foundation\Application->resolve('assets.manifest', Array)
#7 /Users/chasedemaster.tech/Local Sites/insperity-theme/app/public/wp-content/themes/insperitytheme/vendor/roots/acorn/src/Illuminate/Foundation/Application.php(845): Illuminate\Container\Container->make('assets.manifest', Array)
#8 /Users/chasedemaster.tech/Local Sites/insperity-theme/app/public/wp-content/themes/insperitytheme/vendor/roots/acorn/src/Illuminate/Foundation/helpers.php(120): Illuminate\Foundation\Application->make('assets.manifest', Array)
#9 /Users/chasedemaster.tech/Local Sites/insperity-theme/app/public/wp-content/themes/insperitytheme/vendor/roots/acorn/src/Roots/helpers.php(37): app('assets.manifest')
#10 /Users/chasedemaster.tech/Local Sites/insperity-theme/app/public/wp-content/themes/insperitytheme/app/setup.php(26): Roots\bundle('editor')
#11 /Users/chasedemaster.tech/Local Sites/insperity-theme/app/public/wp-includes/class-wp-hook.php(308): App\{closure}('')
#12 /Users/chasedemaster.tech/Local Sites/insperity-theme/app/public/wp-includes/class-wp-hook.php(332): WP_Hook->apply_filters(NULL, Array)
#13 /Users/chasedemaster.tech/Local Sites/insperity-theme/app/public/wp-includes/plugin.php(517): WP_Hook->do_action(Array)
#14 /Users/chasedemaster.tech/Local Sites/insperity-theme/app/public/wp-includes/class-wp-customize-widgets.php(879): do_action('enqueue_block_e...')
#15 /Users/chasedemaster.tech/Local Sites/insperity-theme/app/public/wp-includes/class-wp-hook.php(308): WP_Customize_Widgets->enqueue_scripts('')
#16 /Users/chasedemaster.tech/Local Sites/insperity-theme/app/public/wp-includes/class-wp-hook.php(332): WP_Hook->apply_filters(NULL, Array)
#17 /Users/chasedemaster.tech/Local Sites/insperity-theme/app/public/wp-includes/plugin.php(517): WP_Hook->do_action(Array)
#18 /Users/chasedemaster.tech/Local Sites/insperity-theme/app/public/wp-admin/customize.php(123): do_action('customize_contr...')
#19 {main}
  thrown in /Users/chasedemaster.tech/Local Sites/insperity-theme/app/public/wp-content/themes/insperitytheme/vendor/roots/acorn/src/Roots/Acorn/Assets/Manager.php on line 133
[28-Mar-2023 18:26:52 UTC] PHP Fatal error:  Uncaught Roots\Acorn\Assets\Contracts\ManifestNotFoundException: The manifest [/Users/chasedemaster.tech/Local Sites/insperity-theme/app/public/wp-content/themes/insperitytheme/public/manifest.json] cannot be found. in /Users/chasedemaster.tech/Local Sites/insperity-theme/app/public/wp-content/themes/insperitytheme/vendor/roots/acorn/src/Roots/Acorn/Assets/Manager.php:133
Stack trace:
#0 /Users/chasedemaster.tech/Local Sites/insperity-theme/app/public/wp-content/themes/insperitytheme/vendor/roots/acorn/src/Roots/Acorn/Assets/Manager.php(101): Roots\Acorn\Assets\Manager->getJsonManifest('/Users/chasedem...')
#1 /Users/chasedemaster.tech/Local Sites/insperity-theme/app/public/wp-content/themes/insperitytheme/vendor/roots/acorn/src/Roots/Acorn/Assets/Manager.php(76): Roots\Acorn\Assets\Manager->resolve('theme', Array)
#2 /Users/chasedemaster.tech/Local Sites/insperity-theme/app/public/wp-content/themes/insperitytheme/vendor/roots/acorn/src/Roots/Acorn/Assets/AssetsServiceProvider.php(22): Roots\Acorn\Assets\Manager->manifest('theme')
#3 /Users/chasedemaster.tech/Local Sites/insperity-theme/app/public/wp-content/themes/insperitytheme/vendor/illuminate/container/Container.php(885): Roots\Acorn\Assets\AssetsServiceProvider->Roots\Acorn\Assets\{closure}(Object(Roots\Acorn\Application), Array)
#4 /Users/chasedemaster.tech/Local Sites/insperity-theme/app/public/wp-content/themes/insperitytheme/vendor/illuminate/container/Container.php(770): Illuminate\Container\Container->build(Object(Closure))
#5 /Users/chasedemaster.tech/Local Sites/insperity-theme/app/public/wp-content/themes/insperitytheme/vendor/roots/acorn/src/Illuminate/Foundation/Application.php(860): Illuminate\Container\Container->resolve('assets.manifest', Array, true)
#6 /Users/chasedemaster.tech/Local Sites/insperity-theme/app/public/wp-content/themes/insperitytheme/vendor/illuminate/container/Container.php(706): Illuminate\Foundation\Application->resolve('assets.manifest', Array)
#7 /Users/chasedemaster.tech/Local Sites/insperity-theme/app/public/wp-content/themes/insperitytheme/vendor/roots/acorn/src/Illuminate/Foundation/Application.php(845): Illuminate\Container\Container->make('assets.manifest', Array)
#8 /Users/chasedemaster.tech/Local Sites/insperity-theme/app/public/wp-content/themes/insperitytheme/vendor/roots/acorn/src/Illuminate/Foundation/helpers.php(120): Illuminate\Foundation\Application->make('assets.manifest', Array)
#9 /Users/chasedemaster.tech/Local Sites/insperity-theme/app/public/wp-content/themes/insperitytheme/vendor/roots/acorn/src/Roots/helpers.php(37): app('assets.manifest')
#10 /Users/chasedemaster.tech/Local Sites/insperity-theme/app/public/wp-content/themes/insperitytheme/app/setup.php(26): Roots\bundle('editor')
#11 /Users/chasedemaster.tech/Local Sites/insperity-theme/app/public/wp-includes/class-wp-hook.php(308): App\{closure}('')
#12 /Users/chasedemaster.tech/Local Sites/insperity-theme/app/public/wp-includes/class-wp-hook.php(332): WP_Hook->apply_filters(NULL, Array)
#13 /Users/chasedemaster.tech/Local Sites/insperity-theme/app/public/wp-includes/plugin.php(517): WP_Hook->do_action(Array)
#14 /Users/chasedemaster.tech/Local Sites/insperity-theme/app/public/wp-includes/class-wp-customize-widgets.php(879): do_action('enqueue_block_e...')
#15 /Users/chasedemaster.tech/Local Sites/insperity-theme/app/public/wp-includes/class-wp-hook.php(308): WP_Customize_Widgets->enqueue_scripts('')
#16 /Users/chasedemaster.tech/Local Sites/insperity-theme/app/public/wp-includes/class-wp-hook.php(332): WP_Hook->apply_filters(NULL, Array)
#17 /Users/chasedemaster.tech/Local Sites/insperity-theme/app/public/wp-includes/plugin.php(517): WP_Hook->do_action(Array)
#18 /Users/chasedemaster.tech/Local Sites/insperity-theme/app/public/wp-admin/customize.php(123): do_action('customize_contr...')
#19 {main}
  thrown in /Users/chasedemaster.tech/Local Sites/insperity-theme/app/public/wp-content/themes/insperitytheme/vendor/roots/acorn/src/Roots/Acorn/Assets/Manager.php on line 133
[28-Mar-2023 18:27:56 UTC] PHP Fatal error:  Uncaught Roots\Acorn\Assets\Contracts\ManifestNotFoundException: The manifest [/Users/chasedemaster.tech/Local Sites/insperity-theme/app/public/wp-content/themes/insperitytheme/public/manifest.json] cannot be found. in /Users/chasedemaster.tech/Local Sites/insperity-theme/app/public/wp-content/themes/insperitytheme/vendor/roots/acorn/src/Roots/Acorn/Assets/Manager.php:133
Stack trace:
#0 /Users/chasedemaster.tech/Local Sites/insperity-theme/app/public/wp-content/themes/insperitytheme/vendor/roots/acorn/src/Roots/Acorn/Assets/Manager.php(101): Roots\Acorn\Assets\Manager->getJsonManifest('/Users/chasedem...')
#1 /Users/chasedemaster.tech/Local Sites/insperity-theme/app/public/wp-content/themes/insperitytheme/vendor/roots/acorn/src/Roots/Acorn/Assets/Manager.php(76): Roots\Acorn\Assets\Manager->resolve('theme', Array)
#2 /Users/chasedemaster.tech/Local Sites/insperity-theme/app/public/wp-content/themes/insperitytheme/vendor/roots/acorn/src/Roots/Acorn/Assets/AssetsServiceProvider.php(22): Roots\Acorn\Assets\Manager->manifest('theme')
#3 /Users/chasedemaster.tech/Local Sites/insperity-theme/app/public/wp-content/themes/insperitytheme/vendor/illuminate/container/Container.php(885): Roots\Acorn\Assets\AssetsServiceProvider->Roots\Acorn\Assets\{closure}(Object(Roots\Acorn\Application), Array)
#4 /Users/chasedemaster.tech/Local Sites/insperity-theme/app/public/wp-content/themes/insperitytheme/vendor/illuminate/container/Container.php(770): Illuminate\Container\Container->build(Object(Closure))
#5 /Users/chasedemaster.tech/Local Sites/insperity-theme/app/public/wp-content/themes/insperitytheme/vendor/roots/acorn/src/Illuminate/Foundation/Application.php(860): Illuminate\Container\Container->resolve('assets.manifest', Array, true)
#6 /Users/chasedemaster.tech/Local Sites/insperity-theme/app/public/wp-content/themes/insperitytheme/vendor/illuminate/container/Container.php(706): Illuminate\Foundation\Application->resolve('assets.manifest', Array)
#7 /Users/chasedemaster.tech/Local Sites/insperity-theme/app/public/wp-content/themes/insperitytheme/vendor/roots/acorn/src/Illuminate/Foundation/Application.php(845): Illuminate\Container\Container->make('assets.manifest', Array)
#8 /Users/chasedemaster.tech/Local Sites/insperity-theme/app/public/wp-content/themes/insperitytheme/vendor/roots/acorn/src/Illuminate/Foundation/helpers.php(120): Illuminate\Foundation\Application->make('assets.manifest', Array)
#9 /Users/chasedemaster.tech/Local Sites/insperity-theme/app/public/wp-content/themes/insperitytheme/vendor/roots/acorn/src/Roots/helpers.php(37): app('assets.manifest')
#10 /Users/chasedemaster.tech/Local Sites/insperity-theme/app/public/wp-content/themes/insperitytheme/app/setup.php(26): Roots\bundle('editor')
#11 /Users/chasedemaster.tech/Local Sites/insperity-theme/app/public/wp-includes/class-wp-hook.php(308): App\{closure}('')
#12 /Users/chasedemaster.tech/Local Sites/insperity-theme/app/public/wp-includes/class-wp-hook.php(332): WP_Hook->apply_filters(NULL, Array)
#13 /Users/chasedemaster.tech/Local Sites/insperity-theme/app/public/wp-includes/plugin.php(517): WP_Hook->do_action(Array)
#14 /Users/chasedemaster.tech/Local Sites/insperity-theme/app/public/wp-includes/class-wp-customize-widgets.php(879): do_action('enqueue_block_e...')
#15 /Users/chasedemaster.tech/Local Sites/insperity-theme/app/public/wp-includes/class-wp-hook.php(308): WP_Customize_Widgets->enqueue_scripts('')
#16 /Users/chasedemaster.tech/Local Sites/insperity-theme/app/public/wp-includes/class-wp-hook.php(332): WP_Hook->apply_filters(NULL, Array)
#17 /Users/chasedemaster.tech/Local Sites/insperity-theme/app/public/wp-includes/plugin.php(517): WP_Hook->do_action(Array)
#18 /Users/chasedemaster.tech/Local Sites/insperity-theme/app/public/wp-admin/customize.php(123): do_action('customize_contr...')
#19 {main}
  thrown in /Users/chasedemaster.tech/Local Sites/insperity-theme/app/public/wp-content/themes/insperitytheme/vendor/roots/acorn/src/Roots/Acorn/Assets/Manager.php on line 133
[28-Mar-2023 18:28:13 UTC] PHP Fatal error:  Uncaught Roots\Acorn\Assets\Contracts\ManifestNotFoundException: The manifest [/Users/chasedemaster.tech/Local Sites/insperity-theme/app/public/wp-content/themes/insperitytheme/public/manifest.json] cannot be found. in /Users/chasedemaster.tech/Local Sites/insperity-theme/app/public/wp-content/themes/insperitytheme/vendor/roots/acorn/src/Roots/Acorn/Assets/Manager.php:133
Stack trace:
#0 /Users/chasedemaster.tech/Local Sites/insperity-theme/app/public/wp-content/themes/insperitytheme/vendor/roots/acorn/src/Roots/Acorn/Assets/Manager.php(101): Roots\Acorn\Assets\Manager->getJsonManifest('/Users/chasedem...')
#1 /Users/chasedemaster.tech/Local Sites/insperity-theme/app/public/wp-content/themes/insperitytheme/vendor/roots/acorn/src/Roots/Acorn/Assets/Manager.php(76): Roots\Acorn\Assets\Manager->resolve('theme', Array)
#2 /Users/chasedemaster.tech/Local Sites/insperity-theme/app/public/wp-content/themes/insperitytheme/vendor/roots/acorn/src/Roots/Acorn/Assets/AssetsServiceProvider.php(22): Roots\Acorn\Assets\Manager->manifest('theme')
#3 /Users/chasedemaster.tech/Local Sites/insperity-theme/app/public/wp-content/themes/insperitytheme/vendor/illuminate/container/Container.php(885): Roots\Acorn\Assets\AssetsServiceProvider->Roots\Acorn\Assets\{closure}(Object(Roots\Acorn\Application), Array)
#4 /Users/chasedemaster.tech/Local Sites/insperity-theme/app/public/wp-content/themes/insperitytheme/vendor/illuminate/container/Container.php(770): Illuminate\Container\Container->build(Object(Closure))
#5 /Users/chasedemaster.tech/Local Sites/insperity-theme/app/public/wp-content/themes/insperitytheme/vendor/roots/acorn/src/Illuminate/Foundation/Application.php(860): Illuminate\Container\Container->resolve('assets.manifest', Array, true)
#6 /Users/chasedemaster.tech/Local Sites/insperity-theme/app/public/wp-content/themes/insperitytheme/vendor/illuminate/container/Container.php(706): Illuminate\Foundation\Application->resolve('assets.manifest', Array)
#7 /Users/chasedemaster.tech/Local Sites/insperity-theme/app/public/wp-content/themes/insperitytheme/vendor/roots/acorn/src/Illuminate/Foundation/Application.php(845): Illuminate\Container\Container->make('assets.manifest', Array)
#8 /Users/chasedemaster.tech/Local Sites/insperity-theme/app/public/wp-content/themes/insperitytheme/vendor/roots/acorn/src/Illuminate/Foundation/helpers.php(120): Illuminate\Foundation\Application->make('assets.manifest', Array)
#9 /Users/chasedemaster.tech/Local Sites/insperity-theme/app/public/wp-content/themes/insperitytheme/vendor/roots/acorn/src/Roots/helpers.php(37): app('assets.manifest')
#10 /Users/chasedemaster.tech/Local Sites/insperity-theme/app/public/wp-content/themes/insperitytheme/app/setup.php(26): Roots\bundle('editor')
#11 /Users/chasedemaster.tech/Local Sites/insperity-theme/app/public/wp-includes/class-wp-hook.php(308): App\{closure}('')
#12 /Users/chasedemaster.tech/Local Sites/insperity-theme/app/public/wp-includes/class-wp-hook.php(332): WP_Hook->apply_filters(NULL, Array)
#13 /Users/chasedemaster.tech/Local Sites/insperity-theme/app/public/wp-includes/plugin.php(517): WP_Hook->do_action(Array)
#14 /Users/chasedemaster.tech/Local Sites/insperity-theme/app/public/wp-includes/class-wp-customize-widgets.php(879): do_action('enqueue_block_e...')
#15 /Users/chasedemaster.tech/Local Sites/insperity-theme/app/public/wp-includes/class-wp-hook.php(308): WP_Customize_Widgets->enqueue_scripts('')
#16 /Users/chasedemaster.tech/Local Sites/insperity-theme/app/public/wp-includes/class-wp-hook.php(332): WP_Hook->apply_filters(NULL, Array)
#17 /Users/chasedemaster.tech/Local Sites/insperity-theme/app/public/wp-includes/plugin.php(517): WP_Hook->do_action(Array)
#18 /Users/chasedemaster.tech/Local Sites/insperity-theme/app/public/wp-admin/customize.php(123): do_action('customize_contr...')
#19 {main}
  thrown in /Users/chasedemaster.tech/Local Sites/insperity-theme/app/public/wp-content/themes/insperitytheme/vendor/roots/acorn/src/Roots/Acorn/Assets/Manager.php on line 133
[28-Mar-2023 20:32:12 UTC] PHP Parse error:  syntax error, unexpected end of file, expecting "(" in /Users/chasedemaster.tech/Local Sites/insperity-theme/app/public/wp-content/plugins/insperity-cpt/insperity-client.php on line 12
[28-Mar-2023 20:33:04 UTC] PHP Parse error:  syntax error, unexpected token "function" in /Users/chasedemaster.tech/Local Sites/insperity-theme/app/public/wp-content/plugins/insperity-cpt/insperity-client.php on line 13
[28-Mar-2023 20:34:22 UTC] PHP Parse error:  syntax error, unexpected token "function" in /Users/chasedemaster.tech/Local Sites/insperity-theme/app/public/wp-content/plugins/insperity-cpt/insperity-client.php on line 13
[28-Mar-2023 20:35:06 UTC] PHP Parse error:  syntax error, unexpected token "function" in /Users/chasedemaster.tech/Local Sites/insperity-theme/app/public/wp-content/plugins/insperity-cpt/insperity-client.php on line 13
[28-Mar-2023 20:36:30 UTC] PHP Parse error:  syntax error, unexpected token "}" in /Users/chasedemaster.tech/Local Sites/insperity-theme/app/public/wp-content/plugins/insperity-cpt/insperity-client.php on line 23
[28-Mar-2023 20:36:39 UTC] PHP Parse error:  syntax error, unexpected token "}" in /Users/chasedemaster.tech/Local Sites/insperity-theme/app/public/wp-content/plugins/insperity-cpt/insperity-client.php on line 23
[28-Mar-2023 21:41:03 UTC] PHP Parse error:  syntax error, unexpected end of file in /Users/chasedemaster.tech/Local Sites/insperity-theme/app/public/wp-content/plugins/insperity-cpt/insperity-client.php on line 55
[28-Mar-2023 21:42:06 UTC] PHP Parse error:  syntax error, unexpected end of file in /Users/chasedemaster.tech/Local Sites/insperity-theme/app/public/wp-content/plugins/insperity-cpt/insperity-client.php on line 55
[28-Mar-2023 17:51:46 America/New_York] PHP Fatal error:  Uncaught TypeError: date_create(): Argument #1 ($datetime) must be of type string, array given in /Users/chasedemaster.tech/Local Sites/insperity-theme/app/public/wp-content/plugins/insperity-cpt/insperity-client.php:90
Stack trace:
#0 /Users/chasedemaster.tech/Local Sites/insperity-theme/app/public/wp-content/plugins/insperity-cpt/insperity-client.php(90): date_create(Array)
#1 /Users/chasedemaster.tech/Local Sites/insperity-theme/app/public/wp-includes/shortcodes.php(355): client_testimonials('', '', 'testimonials-li...')
#2 [internal function]: do_shortcode_tag(Array)
#3 /Users/chasedemaster.tech/Local Sites/insperity-theme/app/public/wp-includes/shortcodes.php(227): preg_replace_callback('/\\[(\\[?)(testim...', 'do_shortcode_ta...', '[testimonials-l...')
#4 /Users/chasedemaster.tech/Local Sites/insperity-theme/app/public/wp-includes/class-wp-hook.php(308): do_shortcode('[testimonials-l...')
#5 /Users/chasedemaster.tech/Local Sites/insperity-theme/app/public/wp-includes/plugin.php(205): WP_Hook->apply_filters('[testimonials-l...', Array)
#6 /Users/chasedemaster.tech/Local Sites/insperity-theme/app/public/wp-includes/rest-api/endpoints/class-wp-rest-posts-controller.php(1857): apply_filters('the_content', '<!-- wp:shortco...')
#7 /Users/chasedemaster.tech/Local Sites/insperity-theme/app/public/wp-includes/rest-api/endpoints/class-wp-rest-posts-controller.php(949): WP_REST_Posts_Controller->prepare_item_for_response(Object(WP_Post), Object(WP_REST_Request))
#8 /Users/chasedemaster.tech/Local Sites/insperity-theme/app/public/wp-includes/rest-api/class-wp-rest-server.php(1171): WP_REST_Posts_Controller->update_item(Object(WP_REST_Request))
#9 /Users/chasedemaster.tech/Local Sites/insperity-theme/app/public/wp-includes/rest-api/class-wp-rest-server.php(1018): WP_REST_Server->respond_to_request(Object(WP_REST_Request), '/wp/v2/pages/(?...', Array, NULL)
#10 /Users/chasedemaster.tech/Local Sites/insperity-theme/app/public/wp-includes/rest-api/class-wp-rest-server.php(442): WP_REST_Server->dispatch(Object(WP_REST_Request))
#11 /Users/chasedemaster.tech/Local Sites/insperity-theme/app/public/wp-includes/rest-api.php(410): WP_REST_Server->serve_request('/wp/v2/pages/19')
#12 /Users/chasedemaster.tech/Local Sites/insperity-theme/app/public/wp-includes/class-wp-hook.php(308): rest_api_loaded(Object(WP))
#13 /Users/chasedemaster.tech/Local Sites/insperity-theme/app/public/wp-includes/class-wp-hook.php(332): WP_Hook->apply_filters('', Array)
#14 /Users/chasedemaster.tech/Local Sites/insperity-theme/app/public/wp-includes/plugin.php(565): WP_Hook->do_action(Array)
#15 /Users/chasedemaster.tech/Local Sites/insperity-theme/app/public/wp-includes/class-wp.php(399): do_action_ref_array('parse_request', Array)
#16 /Users/chasedemaster.tech/Local Sites/insperity-theme/app/public/wp-includes/class-wp.php(780): WP->parse_request('')
#17 /Users/chasedemaster.tech/Local Sites/insperity-theme/app/public/wp-includes/functions.php(1332): WP->main('')
#18 /Users/chasedemaster.tech/Local Sites/insperity-theme/app/public/wp-blog-header.php(16): wp()
#19 /Users/chasedemaster.tech/Local Sites/insperity-theme/app/public/index.php(17): require('/Users/chasedem...')
#20 {main}
  thrown in /Users/chasedemaster.tech/Local Sites/insperity-theme/app/public/wp-content/plugins/insperity-cpt/insperity-client.php on line 90
[28-Mar-2023 21:52:34 UTC] PHP Warning:  Attempt to read property "ID" on null in /Users/chasedemaster.tech/Local Sites/insperity-theme/app/public/wp-content/plugins/insperity-cpt/insperity-client.php on line 76
[28-Mar-2023 21:52:34 UTC] PHP Warning:  Undefined array key "_event_date" in /Users/chasedemaster.tech/Local Sites/insperity-theme/app/public/wp-content/plugins/insperity-cpt/insperity-client.php on line 76
[28-Mar-2023 21:52:59 UTC] PHP Warning:  Attempt to read property "ID" on null in /Users/chasedemaster.tech/Local Sites/insperity-theme/app/public/wp-content/plugins/insperity-cpt/insperity-client.php on line 76
[28-Mar-2023 21:52:59 UTC] PHP Warning:  Undefined array key "_event_date" in /Users/chasedemaster.tech/Local Sites/insperity-theme/app/public/wp-content/plugins/insperity-cpt/insperity-client.php on line 76
[28-Mar-2023 21:52:59 UTC] PHP Warning:  Attempt to read property "ID" on null in /Users/chasedemaster.tech/Local Sites/insperity-theme/app/public/wp-content/plugins/insperity-cpt/insperity-client.php on line 76
[28-Mar-2023 21:52:59 UTC] PHP Warning:  Undefined array key "_event_date" in /Users/chasedemaster.tech/Local Sites/insperity-theme/app/public/wp-content/plugins/insperity-cpt/insperity-client.php on line 76
[28-Mar-2023 23:25:55 UTC] PHP Warning:  Attempt to read property "ID" on null in /Users/chasedemaster.tech/Local Sites/insperity-theme/app/public/wp-content/plugins/insperity-cpt/insperity-client.php on line 133
[28-Mar-2023 23:25:55 UTC] PHP Warning:  Undefined array key "_event_date" in /Users/chasedemaster.tech/Local Sites/insperity-theme/app/public/wp-content/plugins/insperity-cpt/insperity-client.php on line 133
[28-Mar-2023 23:27:04 UTC] PHP Warning:  Attempt to read property "ID" on null in /Users/chasedemaster.tech/Local Sites/insperity-theme/app/public/wp-content/plugins/insperity-cpt/insperity-client.php on line 133
[28-Mar-2023 23:27:04 UTC] PHP Warning:  Undefined array key "_event_date" in /Users/chasedemaster.tech/Local Sites/insperity-theme/app/public/wp-content/plugins/insperity-cpt/insperity-client.php on line 133
[28-Mar-2023 23:27:04 UTC] PHP Warning:  Attempt to read property "ID" on null in /Users/chasedemaster.tech/Local Sites/insperity-theme/app/public/wp-content/plugins/insperity-cpt/insperity-client.php on line 133
[28-Mar-2023 23:27:04 UTC] PHP Warning:  Undefined array key "_event_date" in /Users/chasedemaster.tech/Local Sites/insperity-theme/app/public/wp-content/plugins/insperity-cpt/insperity-client.php on line 133
[28-Mar-2023 23:43:50 UTC] PHP Warning:  Undefined array key "_event_date" in /Users/chasedemaster.tech/Local Sites/insperity-theme/app/public/wp-content/plugins/insperity-cpt/insperity-client.php on line 133
[28-Mar-2023 23:43:57 UTC] PHP Warning:  Attempt to read property "ID" on null in /Users/chasedemaster.tech/Local Sites/insperity-theme/app/public/wp-content/plugins/insperity-cpt/insperity-client.php on line 133
[28-Mar-2023 23:43:57 UTC] PHP Warning:  Undefined array key "_event_date" in /Users/chasedemaster.tech/Local Sites/insperity-theme/app/public/wp-content/plugins/insperity-cpt/insperity-client.php on line 133
[28-Mar-2023 23:43:57 UTC] PHP Warning:  Attempt to read property "ID" on null in /Users/chasedemaster.tech/Local Sites/insperity-theme/app/public/wp-content/plugins/insperity-cpt/insperity-client.php on line 133
[28-Mar-2023 23:43:57 UTC] PHP Warning:  Undefined array key "_event_date" in /Users/chasedemaster.tech/Local Sites/insperity-theme/app/public/wp-content/plugins/insperity-cpt/insperity-client.php on line 133
[29-Mar-2023 10:52:31 UTC] PHP Fatal error:  Uncaught ArgumentCountError: Too few arguments to function get_the_terms(), 0 passed in /Users/chasedemaster.tech/Local Sites/insperity-theme/app/public/wp-content/cache/acorn/framework/views/d97d794e9fd0b722bfaa0df890581ffd29b71acb.php on line 6 and exactly 2 expected in /Users/chasedemaster.tech/Local Sites/insperity-theme/app/public/wp-includes/category-template.php:1287
Stack trace:
#0 /Users/chasedemaster.tech/Local Sites/insperity-theme/app/public/wp-content/cache/acorn/framework/views/d97d794e9fd0b722bfaa0df890581ffd29b71acb.php(6): get_the_terms()
#1 /Users/chasedemaster.tech/Local Sites/insperity-theme/app/public/wp-content/themes/insperitytheme/vendor/illuminate/filesystem/Filesystem.php(109): require('/Users/chasedem...')
#2 /Users/chasedemaster.tech/Local Sites/insperity-theme/app/public/wp-content/themes/insperitytheme/vendor/illuminate/filesystem/Filesystem.php(110): Illuminate\Filesystem\Filesystem::Illuminate\Filesystem\{closure}()
#3 /Users/chasedemaster.tech/Local Sites/insperity-theme/app/public/wp-content/themes/insperitytheme/vendor/illuminate/view/Engines/PhpEngine.php(58): Illuminate\Filesystem\Filesystem->getRequire('/Users/chasedem...', Array)
#4 /Users/chasedemaster.tech/Local Sites/insperity-theme/app/public/wp-content/themes/insperitytheme/vendor/illuminate/view/Engines/CompilerEngine.php(70): Illuminate\View\Engines\PhpEngine->evaluatePath('/Users/chasedem...', Array)
#5 /Users/chasedemaster.tech/Local Sites/insperity-theme/app/public/wp-content/themes/insperitytheme/vendor/illuminate/view/View.php(195): Illuminate\View\Engines\CompilerEngine->get('/Users/chasedem...', Array)
#6 /Users/chasedemaster.tech/Local Sites/insperity-theme/app/public/wp-content/themes/insperitytheme/vendor/illuminate/view/View.php(178): Illuminate\View\View->getContents()
#7 /Users/chasedemaster.tech/Local Sites/insperity-theme/app/public/wp-content/themes/insperitytheme/vendor/illuminate/view/View.php(147): Illuminate\View\View->renderContents()
#8 /Users/chasedemaster.tech/Local Sites/insperity-theme/app/public/wp-content/cache/acorn/framework/views/759216e519474fcdc96c62dcd1ee210f8a011187.php(29): Illuminate\View\View->render()
#9 /Users/chasedemaster.tech/Local Sites/insperity-theme/app/public/wp-content/themes/insperitytheme/vendor/illuminate/filesystem/Filesystem.php(109): require('/Users/chasedem...')
#10 /Users/chasedemaster.tech/Local Sites/insperity-theme/app/public/wp-content/themes/insperitytheme/vendor/illuminate/filesystem/Filesystem.php(110): Illuminate\Filesystem\Filesystem::Illuminate\Filesystem\{closure}()
#11 /Users/chasedemaster.tech/Local Sites/insperity-theme/app/public/wp-content/themes/insperitytheme/vendor/illuminate/view/Engines/PhpEngine.php(58): Illuminate\Filesystem\Filesystem->getRequire('/Users/chasedem...', Array)
#12 /Users/chasedemaster.tech/Local Sites/insperity-theme/app/public/wp-content/themes/insperitytheme/vendor/illuminate/view/Engines/CompilerEngine.php(70): Illuminate\View\Engines\PhpEngine->evaluatePath('/Users/chasedem...', Array)
#13 /Users/chasedemaster.tech/Local Sites/insperity-theme/app/public/wp-content/themes/insperitytheme/vendor/illuminate/view/View.php(195): Illuminate\View\Engines\CompilerEngine->get('/Users/chasedem...', Array)
#14 /Users/chasedemaster.tech/Local Sites/insperity-theme/app/public/wp-content/themes/insperitytheme/vendor/illuminate/view/View.php(178): Illuminate\View\View->getContents()
#15 /Users/chasedemaster.tech/Local Sites/insperity-theme/app/public/wp-content/themes/insperitytheme/vendor/illuminate/view/View.php(147): Illuminate\View\View->renderContents()
#16 /Users/chasedemaster.tech/Local Sites/insperity-theme/app/public/wp-content/themes/insperitytheme/index.php(14): Illuminate\View\View->render()
#17 /Users/chasedemaster.tech/Local Sites/insperity-theme/app/public/wp-includes/template-loader.php(106): include('/Users/chasedem...')
#18 /Users/chasedemaster.tech/Local Sites/insperity-theme/app/public/wp-blog-header.php(19): require_once('/Users/chasedem...')
#19 /Users/chasedemaster.tech/Local Sites/insperity-theme/app/public/index.php(17): require('/Users/chasedem...')
#20 {main}

Next Illuminate\View\ViewException: Too few arguments to function get_the_terms(), 0 passed in /Users/chasedemaster.tech/Local Sites/insperity-theme/app/public/wp-content/cache/acorn/framework/views/d97d794e9fd0b722bfaa0df890581ffd29b71acb.php on line 6 and exactly 2 expected (View: /Users/chasedemaster.tech/Local Sites/insperity-theme/app/public/wp-content/themes/insperitytheme/resources/views/partials/content-client_stories.blade.php) in /Users/chasedemaster.tech/Local Sites/insperity-theme/app/public/wp-includes/category-template.php:1287
Stack trace:
#0 /Users/chasedemaster.tech/Local Sites/insperity-theme/app/public/wp-content/themes/insperitytheme/vendor/illuminate/view/Engines/PhpEngine.php(60): Illuminate\View\Engines\CompilerEngine->handleViewException(Object(ArgumentCountError), 3)
#1 /Users/chasedemaster.tech/Local Sites/insperity-theme/app/public/wp-content/themes/insperitytheme/vendor/illuminate/view/Engines/CompilerEngine.php(70): Illuminate\View\Engines\PhpEngine->evaluatePath('/Users/chasedem...', Array)
#2 /Users/chasedemaster.tech/Local Sites/insperity-theme/app/public/wp-content/themes/insperitytheme/vendor/illuminate/view/View.php(195): Illuminate\View\Engines\CompilerEngine->get('/Users/chasedem...', Array)
#3 /Users/chasedemaster.tech/Local Sites/insperity-theme/app/public/wp-content/themes/insperitytheme/vendor/illuminate/view/View.php(178): Illuminate\View\View->getContents()
#4 /Users/chasedemaster.tech/Local Sites/insperity-theme/app/public/wp-content/themes/insperitytheme/vendor/illuminate/view/View.php(147): Illuminate\View\View->renderContents()
#5 /Users/chasedemaster.tech/Local Sites/insperity-theme/app/public/wp-content/cache/acorn/framework/views/759216e519474fcdc96c62dcd1ee210f8a011187.php(29): Illuminate\View\View->render()
#6 /Users/chasedemaster.tech/Local Sites/insperity-theme/app/public/wp-content/themes/insperitytheme/vendor/illuminate/filesystem/Filesystem.php(109): require('/Users/chasedem...')
#7 /Users/chasedemaster.tech/Local Sites/insperity-theme/app/public/wp-content/themes/insperitytheme/vendor/illuminate/filesystem/Filesystem.php(110): Illuminate\Filesystem\Filesystem::Illuminate\Filesystem\{closure}()
#8 /Users/chasedemaster.tech/Local Sites/insperity-theme/app/public/wp-content/themes/insperitytheme/vendor/illuminate/view/Engines/PhpEngine.php(58): Illuminate\Filesystem\Filesystem->getRequire('/Users/chasedem...', Array)
#9 /Users/chasedemaster.tech/Local Sites/insperity-theme/app/public/wp-content/themes/insperitytheme/vendor/illuminate/view/Engines/CompilerEngine.php(70): Illuminate\View\Engines\PhpEngine->evaluatePath('/Users/chasedem...', Array)
#10 /Users/chasedemaster.tech/Local Sites/insperity-theme/app/public/wp-content/themes/insperitytheme/vendor/illuminate/view/View.php(195): Illuminate\View\Engines\CompilerEngine->get('/Users/chasedem...', Array)
#11 /Users/chasedemaster.tech/Local Sites/insperity-theme/app/public/wp-content/themes/insperitytheme/vendor/illuminate/view/View.php(178): Illuminate\View\View->getContents()
#12 /Users/chasedemaster.tech/Local Sites/insperity-theme/app/public/wp-content/themes/insperitytheme/vendor/illuminate/view/View.php(147): Illuminate\View\View->renderContents()
#13 /Users/chasedemaster.tech/Local Sites/insperity-theme/app/public/wp-content/themes/insperitytheme/index.php(14): Illuminate\View\View->render()
#14 /Users/chasedemaster.tech/Local Sites/insperity-theme/app/public/wp-includes/template-loader.php(106): include('/Users/chasedem...')
#15 /Users/chasedemaster.tech/Local Sites/insperity-theme/app/public/wp-blog-header.php(19): require_once('/Users/chasedem...')
#16 /Users/chasedemaster.tech/Local Sites/insperity-theme/app/public/index.php(17): require('/Users/chasedem...')
#17 {main}

Next Illuminate\View\ViewException: Too few arguments to function get_the_terms(), 0 passed in /Users/chasedemaster.tech/Local Sites/insperity-theme/app/public/wp-content/cache/acorn/framework/views/d97d794e9fd0b722bfaa0df890581ffd29b71acb.php on line 6 and exactly 2 expected (View: /Users/chasedemaster.tech/Local Sites/insperity-theme/app/public/wp-content/themes/insperitytheme/resources/views/partials/content-client_stories.blade.php) (View: /Users/chasedemaster.tech/Local Sites/insperity-theme/app/public/wp-content/themes/insperitytheme/resources/views/partials/content-client_stories.blade.php) in /Users/chasedemaster.tech/Local Sites/insperity-theme/app/public/wp-includes/category-template.php:1287
Stack trace:
#0 /Users/chasedemaster.tech/Local Sites/insperity-theme/app/public/wp-content/themes/insperitytheme/vendor/illuminate/view/Engines/PhpEngine.php(60): Illuminate\View\Engines\CompilerEngine->handleViewException(Object(Illuminate\View\ViewException), 1)
#1 /Users/chasedemaster.tech/Local Sites/insperity-theme/app/public/wp-content/themes/insperitytheme/vendor/illuminate/view/Engines/CompilerEngine.php(70): Illuminate\View\Engines\PhpEngine->evaluatePath('/Users/chasedem...', Array)
#2 /Users/chasedemaster.tech/Local Sites/insperity-theme/app/public/wp-content/themes/insperitytheme/vendor/illuminate/view/View.php(195): Illuminate\View\Engines\CompilerEngine->get('/Users/chasedem...', Array)
#3 /Users/chasedemaster.tech/Local Sites/insperity-theme/app/public/wp-content/themes/insperitytheme/vendor/illuminate/view/View.php(178): Illuminate\View\View->getContents()
#4 /Users/chasedemaster.tech/Local Sites/insperity-theme/app/public/wp-content/themes/insperitytheme/vendor/illuminate/view/View.php(147): Illuminate\View\View->renderContents()
#5 /Users/chasedemaster.tech/Local Sites/insperity-theme/app/public/wp-content/themes/insperitytheme/index.php(14): Illuminate\View\View->render()
#6 /Users/chasedemaster.tech/Local Sites/insperity-theme/app/public/wp-includes/template-loader.php(106): include('/Users/chasedem...')
#7 /Users/chasedemaster.tech/Local Sites/insperity-theme/app/public/wp-blog-header.php(19): require_once('/Users/chasedem...')
#8 /Users/chasedemaster.tech/Local Sites/insperity-theme/app/public/index.php(17): require('/Users/chasedem...')
#9 {main}
  thrown in /Users/chasedemaster.tech/Local Sites/insperity-theme/app/public/wp-includes/category-template.php on line 1287
[29-Mar-2023 10:53:12 UTC] PHP Fatal error:  Uncaught ArgumentCountError: Too few arguments to function get_the_terms(), 1 passed in /Users/chasedemaster.tech/Local Sites/insperity-theme/app/public/wp-content/cache/acorn/framework/views/d97d794e9fd0b722bfaa0df890581ffd29b71acb.php on line 6 and exactly 2 expected in /Users/chasedemaster.tech/Local Sites/insperity-theme/app/public/wp-includes/category-template.php:1287
Stack trace:
#0 /Users/chasedemaster.tech/Local Sites/insperity-theme/app/public/wp-content/cache/acorn/framework/views/d97d794e9fd0b722bfaa0df890581ffd29b71acb.php(6): get_the_terms(Object(WP_Post))
#1 /Users/chasedemaster.tech/Local Sites/insperity-theme/app/public/wp-content/themes/insperitytheme/vendor/illuminate/filesystem/Filesystem.php(109): require('/Users/chasedem...')
#2 /Users/chasedemaster.tech/Local Sites/insperity-theme/app/public/wp-content/themes/insperitytheme/vendor/illuminate/filesystem/Filesystem.php(110): Illuminate\Filesystem\Filesystem::Illuminate\Filesystem\{closure}()
#3 /Users/chasedemaster.tech/Local Sites/insperity-theme/app/public/wp-content/themes/insperitytheme/vendor/illuminate/view/Engines/PhpEngine.php(58): Illuminate\Filesystem\Filesystem->getRequire('/Users/chasedem...', Array)
#4 /Users/chasedemaster.tech/Local Sites/insperity-theme/app/public/wp-content/themes/insperitytheme/vendor/illuminate/view/Engines/CompilerEngine.php(70): Illuminate\View\Engines\PhpEngine->evaluatePath('/Users/chasedem...', Array)
#5 /Users/chasedemaster.tech/Local Sites/insperity-theme/app/public/wp-content/themes/insperitytheme/vendor/illuminate/view/View.php(195): Illuminate\View\Engines\CompilerEngine->get('/Users/chasedem...', Array)
#6 /Users/chasedemaster.tech/Local Sites/insperity-theme/app/public/wp-content/themes/insperitytheme/vendor/illuminate/view/View.php(178): Illuminate\View\View->getContents()
#7 /Users/chasedemaster.tech/Local Sites/insperity-theme/app/public/wp-content/themes/insperitytheme/vendor/illuminate/view/View.php(147): Illuminate\View\View->renderContents()
#8 /Users/chasedemaster.tech/Local Sites/insperity-theme/app/public/wp-content/cache/acorn/framework/views/759216e519474fcdc96c62dcd1ee210f8a011187.php(29): Illuminate\View\View->render()
#9 /Users/chasedemaster.tech/Local Sites/insperity-theme/app/public/wp-content/themes/insperitytheme/vendor/illuminate/filesystem/Filesystem.php(109): require('/Users/chasedem...')
#10 /Users/chasedemaster.tech/Local Sites/insperity-theme/app/public/wp-content/themes/insperitytheme/vendor/illuminate/filesystem/Filesystem.php(110): Illuminate\Filesystem\Filesystem::Illuminate\Filesystem\{closure}()
#11 /Users/chasedemaster.tech/Local Sites/insperity-theme/app/public/wp-content/themes/insperitytheme/vendor/illuminate/view/Engines/PhpEngine.php(58): Illuminate\Filesystem\Filesystem->getRequire('/Users/chasedem...', Array)
#12 /Users/chasedemaster.tech/Local Sites/insperity-theme/app/public/wp-content/themes/insperitytheme/vendor/illuminate/view/Engines/CompilerEngine.php(70): Illuminate\View\Engines\PhpEngine->evaluatePath('/Users/chasedem...', Array)
#13 /Users/chasedemaster.tech/Local Sites/insperity-theme/app/public/wp-content/themes/insperitytheme/vendor/illuminate/view/View.php(195): Illuminate\View\Engines\CompilerEngine->get('/Users/chasedem...', Array)
#14 /Users/chasedemaster.tech/Local Sites/insperity-theme/app/public/wp-content/themes/insperitytheme/vendor/illuminate/view/View.php(178): Illuminate\View\View->getContents()
#15 /Users/chasedemaster.tech/Local Sites/insperity-theme/app/public/wp-content/themes/insperitytheme/vendor/illuminate/view/View.php(147): Illuminate\View\View->renderContents()
#16 /Users/chasedemaster.tech/Local Sites/insperity-theme/app/public/wp-content/themes/insperitytheme/index.php(14): Illuminate\View\View->render()
#17 /Users/chasedemaster.tech/Local Sites/insperity-theme/app/public/wp-includes/template-loader.php(106): include('/Users/chasedem...')
#18 /Users/chasedemaster.tech/Local Sites/insperity-theme/app/public/wp-blog-header.php(19): require_once('/Users/chasedem...')
#19 /Users/chasedemaster.tech/Local Sites/insperity-theme/app/public/index.php(17): require('/Users/chasedem...')
#20 {main}

Next Illuminate\View\ViewException: Too few arguments to function get_the_terms(), 1 passed in /Users/chasedemaster.tech/Local Sites/insperity-theme/app/public/wp-content/cache/acorn/framework/views/d97d794e9fd0b722bfaa0df890581ffd29b71acb.php on line 6 and exactly 2 expected (View: /Users/chasedemaster.tech/Local Sites/insperity-theme/app/public/wp-content/themes/insperitytheme/resources/views/partials/content-client_stories.blade.php) in /Users/chasedemaster.tech/Local Sites/insperity-theme/app/public/wp-includes/category-template.php:1287
Stack trace:
#0 /Users/chasedemaster.tech/Local Sites/insperity-theme/app/public/wp-content/themes/insperitytheme/vendor/illuminate/view/Engines/PhpEngine.php(60): Illuminate\View\Engines\CompilerEngine->handleViewException(Object(ArgumentCountError), 3)
#1 /Users/chasedemaster.tech/Local Sites/insperity-theme/app/public/wp-content/themes/insperitytheme/vendor/illuminate/view/Engines/CompilerEngine.php(70): Illuminate\View\Engines\PhpEngine->evaluatePath('/Users/chasedem...', Array)
#2 /Users/chasedemaster.tech/Local Sites/insperity-theme/app/public/wp-content/themes/insperitytheme/vendor/illuminate/view/View.php(195): Illuminate\View\Engines\CompilerEngine->get('/Users/chasedem...', Array)
#3 /Users/chasedemaster.tech/Local Sites/insperity-theme/app/public/wp-content/themes/insperitytheme/vendor/illuminate/view/View.php(178): Illuminate\View\View->getContents()
#4 /Users/chasedemaster.tech/Local Sites/insperity-theme/app/public/wp-content/themes/insperitytheme/vendor/illuminate/view/View.php(147): Illuminate\View\View->renderContents()
#5 /Users/chasedemaster.tech/Local Sites/insperity-theme/app/public/wp-content/cache/acorn/framework/views/759216e519474fcdc96c62dcd1ee210f8a011187.php(29): Illuminate\View\View->render()
#6 /Users/chasedemaster.tech/Local Sites/insperity-theme/app/public/wp-content/themes/insperitytheme/vendor/illuminate/filesystem/Filesystem.php(109): require('/Users/chasedem...')
#7 /Users/chasedemaster.tech/Local Sites/insperity-theme/app/public/wp-content/themes/insperitytheme/vendor/illuminate/filesystem/Filesystem.php(110): Illuminate\Filesystem\Filesystem::Illuminate\Filesystem\{closure}()
#8 /Users/chasedemaster.tech/Local Sites/insperity-theme/app/public/wp-content/themes/insperitytheme/vendor/illuminate/view/Engines/PhpEngine.php(58): Illuminate\Filesystem\Filesystem->getRequire('/Users/chasedem...', Array)
#9 /Users/chasedemaster.tech/Local Sites/insperity-theme/app/public/wp-content/themes/insperitytheme/vendor/illuminate/view/Engines/CompilerEngine.php(70): Illuminate\View\Engines\PhpEngine->evaluatePath('/Users/chasedem...', Array)
#10 /Users/chasedemaster.tech/Local Sites/insperity-theme/app/public/wp-content/themes/insperitytheme/vendor/illuminate/view/View.php(195): Illuminate\View\Engines\CompilerEngine->get('/Users/chasedem...', Array)
#11 /Users/chasedemaster.tech/Local Sites/insperity-theme/app/public/wp-content/themes/insperitytheme/vendor/illuminate/view/View.php(178): Illuminate\View\View->getContents()
#12 /Users/chasedemaster.tech/Local Sites/insperity-theme/app/public/wp-content/themes/insperitytheme/vendor/illuminate/view/View.php(147): Illuminate\View\View->renderContents()
#13 /Users/chasedemaster.tech/Local Sites/insperity-theme/app/public/wp-content/themes/insperitytheme/index.php(14): Illuminate\View\View->render()
#14 /Users/chasedemaster.tech/Local Sites/insperity-theme/app/public/wp-includes/template-loader.php(106): include('/Users/chasedem...')
#15 /Users/chasedemaster.tech/Local Sites/insperity-theme/app/public/wp-blog-header.php(19): require_once('/Users/chasedem...')
#16 /Users/chasedemaster.tech/Local Sites/insperity-theme/app/public/index.php(17): require('/Users/chasedem...')
#17 {main}

Next Illuminate\View\ViewException: Too few arguments to function get_the_terms(), 1 passed in /Users/chasedemaster.tech/Local Sites/insperity-theme/app/public/wp-content/cache/acorn/framework/views/d97d794e9fd0b722bfaa0df890581ffd29b71acb.php on line 6 and exactly 2 expected (View: /Users/chasedemaster.tech/Local Sites/insperity-theme/app/public/wp-content/themes/insperitytheme/resources/views/partials/content-client_stories.blade.php) (View: /Users/chasedemaster.tech/Local Sites/insperity-theme/app/public/wp-content/themes/insperitytheme/resources/views/partials/content-client_stories.blade.php) in /Users/chasedemaster.tech/Local Sites/insperity-theme/app/public/wp-includes/category-template.php:1287
Stack trace:
#0 /Users/chasedemaster.tech/Local Sites/insperity-theme/app/public/wp-content/themes/insperitytheme/vendor/illuminate/view/Engines/PhpEngine.php(60): Illuminate\View\Engines\CompilerEngine->handleViewException(Object(Illuminate\View\ViewException), 1)
#1 /Users/chasedemaster.tech/Local Sites/insperity-theme/app/public/wp-content/themes/insperitytheme/vendor/illuminate/view/Engines/CompilerEngine.php(70): Illuminate\View\Engines\PhpEngine->evaluatePath('/Users/chasedem...', Array)
#2 /Users/chasedemaster.tech/Local Sites/insperity-theme/app/public/wp-content/themes/insperitytheme/vendor/illuminate/view/View.php(195): Illuminate\View\Engines\CompilerEngine->get('/Users/chasedem...', Array)
#3 /Users/chasedemaster.tech/Local Sites/insperity-theme/app/public/wp-content/themes/insperitytheme/vendor/illuminate/view/View.php(178): Illuminate\View\View->getContents()
#4 /Users/chasedemaster.tech/Local Sites/insperity-theme/app/public/wp-content/themes/insperitytheme/vendor/illuminate/view/View.php(147): Illuminate\View\View->renderContents()
#5 /Users/chasedemaster.tech/Local Sites/insperity-theme/app/public/wp-content/themes/insperitytheme/index.php(14): Illuminate\View\View->render()
#6 /Users/chasedemaster.tech/Local Sites/insperity-theme/app/public/wp-includes/template-loader.php(106): include('/Users/chasedem...')
#7 /Users/chasedemaster.tech/Local Sites/insperity-theme/app/public/wp-blog-header.php(19): require_once('/Users/chasedem...')
#8 /Users/chasedemaster.tech/Local Sites/insperity-theme/app/public/index.php(17): require('/Users/chasedem...')
#9 {main}
  thrown in /Users/chasedemaster.tech/Local Sites/insperity-theme/app/public/wp-includes/category-template.php on line 1287
[29-Mar-2023 10:53:13 UTC] PHP Fatal error:  Uncaught ArgumentCountError: Too few arguments to function get_the_terms(), 1 passed in /Users/chasedemaster.tech/Local Sites/insperity-theme/app/public/wp-content/cache/acorn/framework/views/d97d794e9fd0b722bfaa0df890581ffd29b71acb.php on line 6 and exactly 2 expected in /Users/chasedemaster.tech/Local Sites/insperity-theme/app/public/wp-includes/category-template.php:1287
Stack trace:
#0 /Users/chasedemaster.tech/Local Sites/insperity-theme/app/public/wp-content/cache/acorn/framework/views/d97d794e9fd0b722bfaa0df890581ffd29b71acb.php(6): get_the_terms(Object(WP_Post))
#1 /Users/chasedemaster.tech/Local Sites/insperity-theme/app/public/wp-content/themes/insperitytheme/vendor/illuminate/filesystem/Filesystem.php(109): require('/Users/chasedem...')
#2 /Users/chasedemaster.tech/Local Sites/insperity-theme/app/public/wp-content/themes/insperitytheme/vendor/illuminate/filesystem/Filesystem.php(110): Illuminate\Filesystem\Filesystem::Illuminate\Filesystem\{closure}()
#3 /Users/chasedemaster.tech/Local Sites/insperity-theme/app/public/wp-content/themes/insperitytheme/vendor/illuminate/view/Engines/PhpEngine.php(58): Illuminate\Filesystem\Filesystem->getRequire('/Users/chasedem...', Array)
#4 /Users/chasedemaster.tech/Local Sites/insperity-theme/app/public/wp-content/themes/insperitytheme/vendor/illuminate/view/Engines/CompilerEngine.php(70): Illuminate\View\Engines\PhpEngine->evaluatePath('/Users/chasedem...', Array)
#5 /Users/chasedemaster.tech/Local Sites/insperity-theme/app/public/wp-content/themes/insperitytheme/vendor/illuminate/view/View.php(195): Illuminate\View\Engines\CompilerEngine->get('/Users/chasedem...', Array)
#6 /Users/chasedemaster.tech/Local Sites/insperity-theme/app/public/wp-content/themes/insperitytheme/vendor/illuminate/view/View.php(178): Illuminate\View\View->getContents()
#7 /Users/chasedemaster.tech/Local Sites/insperity-theme/app/public/wp-content/themes/insperitytheme/vendor/illuminate/view/View.php(147): Illuminate\View\View->renderContents()
#8 /Users/chasedemaster.tech/Local Sites/insperity-theme/app/public/wp-content/cache/acorn/framework/views/759216e519474fcdc96c62dcd1ee210f8a011187.php(29): Illuminate\View\View->render()
#9 /Users/chasedemaster.tech/Local Sites/insperity-theme/app/public/wp-content/themes/insperitytheme/vendor/illuminate/filesystem/Filesystem.php(109): require('/Users/chasedem...')
#10 /Users/chasedemaster.tech/Local Sites/insperity-theme/app/public/wp-content/themes/insperitytheme/vendor/illuminate/filesystem/Filesystem.php(110): Illuminate\Filesystem\Filesystem::Illuminate\Filesystem\{closure}()
#11 /Users/chasedemaster.tech/Local Sites/insperity-theme/app/public/wp-content/themes/insperitytheme/vendor/illuminate/view/Engines/PhpEngine.php(58): Illuminate\Filesystem\Filesystem->getRequire('/Users/chasedem...', Array)
#12 /Users/chasedemaster.tech/Local Sites/insperity-theme/app/public/wp-content/themes/insperitytheme/vendor/illuminate/view/Engines/CompilerEngine.php(70): Illuminate\View\Engines\PhpEngine->evaluatePath('/Users/chasedem...', Array)
#13 /Users/chasedemaster.tech/Local Sites/insperity-theme/app/public/wp-content/themes/insperitytheme/vendor/illuminate/view/View.php(195): Illuminate\View\Engines\CompilerEngine->get('/Users/chasedem...', Array)
#14 /Users/chasedemaster.tech/Local Sites/insperity-theme/app/public/wp-content/themes/insperitytheme/vendor/illuminate/view/View.php(178): Illuminate\View\View->getContents()
#15 /Users/chasedemaster.tech/Local Sites/insperity-theme/app/public/wp-content/themes/insperitytheme/vendor/illuminate/view/View.php(147): Illuminate\View\View->renderContents()
#16 /Users/chasedemaster.tech/Local Sites/insperity-theme/app/public/wp-content/themes/insperitytheme/index.php(14): Illuminate\View\View->render()
#17 /Users/chasedemaster.tech/Local Sites/insperity-theme/app/public/wp-includes/template-loader.php(106): include('/Users/chasedem...')
#18 /Users/chasedemaster.tech/Local Sites/insperity-theme/app/public/wp-blog-header.php(19): require_once('/Users/chasedem...')
#19 /Users/chasedemaster.tech/Local Sites/insperity-theme/app/public/index.php(17): require('/Users/chasedem...')
#20 {main}

Next Illuminate\View\ViewException: Too few arguments to function get_the_terms(), 1 passed in /Users/chasedemaster.tech/Local Sites/insperity-theme/app/public/wp-content/cache/acorn/framework/views/d97d794e9fd0b722bfaa0df890581ffd29b71acb.php on line 6 and exactly 2 expected (View: /Users/chasedemaster.tech/Local Sites/insperity-theme/app/public/wp-content/themes/insperitytheme/resources/views/partials/content-client_stories.blade.php) in /Users/chasedemaster.tech/Local Sites/insperity-theme/app/public/wp-includes/category-template.php:1287
Stack trace:
#0 /Users/chasedemaster.tech/Local Sites/insperity-theme/app/public/wp-content/themes/insperitytheme/vendor/illuminate/view/Engines/PhpEngine.php(60): Illuminate\View\Engines\CompilerEngine->handleViewException(Object(ArgumentCountError), 3)
#1 /Users/chasedemaster.tech/Local Sites/insperity-theme/app/public/wp-content/themes/insperitytheme/vendor/illuminate/view/Engines/CompilerEngine.php(70): Illuminate\View\Engines\PhpEngine->evaluatePath('/Users/chasedem...', Array)
#2 /Users/chasedemaster.tech/Local Sites/insperity-theme/app/public/wp-content/themes/insperitytheme/vendor/illuminate/view/View.php(195): Illuminate\View\Engines\CompilerEngine->get('/Users/chasedem...', Array)
#3 /Users/chasedemaster.tech/Local Sites/insperity-theme/app/public/wp-content/themes/insperitytheme/vendor/illuminate/view/View.php(178): Illuminate\View\View->getContents()
#4 /Users/chasedemaster.tech/Local Sites/insperity-theme/app/public/wp-content/themes/insperitytheme/vendor/illuminate/view/View.php(147): Illuminate\View\View->renderContents()
#5 /Users/chasedemaster.tech/Local Sites/insperity-theme/app/public/wp-content/cache/acorn/framework/views/759216e519474fcdc96c62dcd1ee210f8a011187.php(29): Illuminate\View\View->render()
#6 /Users/chasedemaster.tech/Local Sites/insperity-theme/app/public/wp-content/themes/insperitytheme/vendor/illuminate/filesystem/Filesystem.php(109): require('/Users/chasedem...')
#7 /Users/chasedemaster.tech/Local Sites/insperity-theme/app/public/wp-content/themes/insperitytheme/vendor/illuminate/filesystem/Filesystem.php(110): Illuminate\Filesystem\Filesystem::Illuminate\Filesystem\{closure}()
#8 /Users/chasedemaster.tech/Local Sites/insperity-theme/app/public/wp-content/themes/insperitytheme/vendor/illuminate/view/Engines/PhpEngine.php(58): Illuminate\Filesystem\Filesystem->getRequire('/Users/chasedem...', Array)
#9 /Users/chasedemaster.tech/Local Sites/insperity-theme/app/public/wp-content/themes/insperitytheme/vendor/illuminate/view/Engines/CompilerEngine.php(70): Illuminate\View\Engines\PhpEngine->evaluatePath('/Users/chasedem...', Array)
#10 /Users/chasedemaster.tech/Local Sites/insperity-theme/app/public/wp-content/themes/insperitytheme/vendor/illuminate/view/View.php(195): Illuminate\View\Engines\CompilerEngine->get('/Users/chasedem...', Array)
#11 /Users/chasedemaster.tech/Local Sites/insperity-theme/app/public/wp-content/themes/insperitytheme/vendor/illuminate/view/View.php(178): Illuminate\View\View->getContents()
#12 /Users/chasedemaster.tech/Local Sites/insperity-theme/app/public/wp-content/themes/insperitytheme/vendor/illuminate/view/View.php(147): Illuminate\View\View->renderContents()
#13 /Users/chasedemaster.tech/Local Sites/insperity-theme/app/public/wp-content/themes/insperitytheme/index.php(14): Illuminate\View\View->render()
#14 /Users/chasedemaster.tech/Local Sites/insperity-theme/app/public/wp-includes/template-loader.php(106): include('/Users/chasedem...')
#15 /Users/chasedemaster.tech/Local Sites/insperity-theme/app/public/wp-blog-header.php(19): require_once('/Users/chasedem...')
#16 /Users/chasedemaster.tech/Local Sites/insperity-theme/app/public/index.php(17): require('/Users/chasedem...')
#17 {main}

Next Illuminate\View\ViewException: Too few arguments to function get_the_terms(), 1 passed in /Users/chasedemaster.tech/Local Sites/insperity-theme/app/public/wp-content/cache/acorn/framework/views/d97d794e9fd0b722bfaa0df890581ffd29b71acb.php on line 6 and exactly 2 expected (View: /Users/chasedemaster.tech/Local Sites/insperity-theme/app/public/wp-content/themes/insperitytheme/resources/views/partials/content-client_stories.blade.php) (View: /Users/chasedemaster.tech/Local Sites/insperity-theme/app/public/wp-content/themes/insperitytheme/resources/views/partials/content-client_stories.blade.php) in /Users/chasedemaster.tech/Local Sites/insperity-theme/app/public/wp-includes/category-template.php:1287
Stack trace:
#0 /Users/chasedemaster.tech/Local Sites/insperity-theme/app/public/wp-content/themes/insperitytheme/vendor/illuminate/view/Engines/PhpEngine.php(60): Illuminate\View\Engines\CompilerEngine->handleViewException(Object(Illuminate\View\ViewException), 1)
#1 /Users/chasedemaster.tech/Local Sites/insperity-theme/app/public/wp-content/themes/insperitytheme/vendor/illuminate/view/Engines/CompilerEngine.php(70): Illuminate\View\Engines\PhpEngine->evaluatePath('/Users/chasedem...', Array)
#2 /Users/chasedemaster.tech/Local Sites/insperity-theme/app/public/wp-content/themes/insperitytheme/vendor/illuminate/view/View.php(195): Illuminate\View\Engines\CompilerEngine->get('/Users/chasedem...', Array)
#3 /Users/chasedemaster.tech/Local Sites/insperity-theme/app/public/wp-content/themes/insperitytheme/vendor/illuminate/view/View.php(178): Illuminate\View\View->getContents()
#4 /Users/chasedemaster.tech/Local Sites/insperity-theme/app/public/wp-content/themes/insperitytheme/vendor/illuminate/view/View.php(147): Illuminate\View\View->renderContents()
#5 /Users/chasedemaster.tech/Local Sites/insperity-theme/app/public/wp-content/themes/insperitytheme/index.php(14): Illuminate\View\View->render()
#6 /Users/chasedemaster.tech/Local Sites/insperity-theme/app/public/wp-includes/template-loader.php(106): include('/Users/chasedem...')
#7 /Users/chasedemaster.tech/Local Sites/insperity-theme/app/public/wp-blog-header.php(19): require_once('/Users/chasedem...')
#8 /Users/chasedemaster.tech/Local Sites/insperity-theme/app/public/index.php(17): require('/Users/chasedem...')
#9 {main}
  thrown in /Users/chasedemaster.tech/Local Sites/insperity-theme/app/public/wp-includes/category-template.php on line 1287
[29-Mar-2023 10:53:45 UTC] PHP Fatal error:  Uncaught ParseError: syntax error, unexpected variable "$post", expecting ")" in /Users/chasedemaster.tech/Local Sites/insperity-theme/app/public/wp-content/cache/acorn/framework/views/d97d794e9fd0b722bfaa0df890581ffd29b71acb.php:6
Stack trace:
#0 /Users/chasedemaster.tech/Local Sites/insperity-theme/app/public/wp-content/themes/insperitytheme/vendor/illuminate/filesystem/Filesystem.php(110): Illuminate\Filesystem\Filesystem::Illuminate\Filesystem\{closure}()
#1 /Users/chasedemaster.tech/Local Sites/insperity-theme/app/public/wp-content/themes/insperitytheme/vendor/illuminate/view/Engines/PhpEngine.php(58): Illuminate\Filesystem\Filesystem->getRequire('/Users/chasedem...', Array)
#2 /Users/chasedemaster.tech/Local Sites/insperity-theme/app/public/wp-content/themes/insperitytheme/vendor/illuminate/view/Engines/CompilerEngine.php(70): Illuminate\View\Engines\PhpEngine->evaluatePath('/Users/chasedem...', Array)
#3 /Users/chasedemaster.tech/Local Sites/insperity-theme/app/public/wp-content/themes/insperitytheme/vendor/illuminate/view/View.php(195): Illuminate\View\Engines\CompilerEngine->get('/Users/chasedem...', Array)
#4 /Users/chasedemaster.tech/Local Sites/insperity-theme/app/public/wp-content/themes/insperitytheme/vendor/illuminate/view/View.php(178): Illuminate\View\View->getContents()
#5 /Users/chasedemaster.tech/Local Sites/insperity-theme/app/public/wp-content/themes/insperitytheme/vendor/illuminate/view/View.php(147): Illuminate\View\View->renderContents()
#6 /Users/chasedemaster.tech/Local Sites/insperity-theme/app/public/wp-content/cache/acorn/framework/views/759216e519474fcdc96c62dcd1ee210f8a011187.php(29): Illuminate\View\View->render()
#7 /Users/chasedemaster.tech/Local Sites/insperity-theme/app/public/wp-content/themes/insperitytheme/vendor/illuminate/filesystem/Filesystem.php(109): require('/Users/chasedem...')
#8 /Users/chasedemaster.tech/Local Sites/insperity-theme/app/public/wp-content/themes/insperitytheme/vendor/illuminate/filesystem/Filesystem.php(110): Illuminate\Filesystem\Filesystem::Illuminate\Filesystem\{closure}()
#9 /Users/chasedemaster.tech/Local Sites/insperity-theme/app/public/wp-content/themes/insperitytheme/vendor/illuminate/view/Engines/PhpEngine.php(58): Illuminate\Filesystem\Filesystem->getRequire('/Users/chasedem...', Array)
#10 /Users/chasedemaster.tech/Local Sites/insperity-theme/app/public/wp-content/themes/insperitytheme/vendor/illuminate/view/Engines/CompilerEngine.php(70): Illuminate\View\Engines\PhpEngine->evaluatePath('/Users/chasedem...', Array)
#11 /Users/chasedemaster.tech/Local Sites/insperity-theme/app/public/wp-content/themes/insperitytheme/vendor/illuminate/view/View.php(195): Illuminate\View\Engines\CompilerEngine->get('/Users/chasedem...', Array)
#12 /Users/chasedemaster.tech/Local Sites/insperity-theme/app/public/wp-content/themes/insperitytheme/vendor/illuminate/view/View.php(178): Illuminate\View\View->getContents()
#13 /Users/chasedemaster.tech/Local Sites/insperity-theme/app/public/wp-content/themes/insperitytheme/vendor/illuminate/view/View.php(147): Illuminate\View\View->renderContents()
#14 /Users/chasedemaster.tech/Local Sites/insperity-theme/app/public/wp-content/themes/insperitytheme/index.php(14): Illuminate\View\View->render()
#15 /Users/chasedemaster.tech/Local Sites/insperity-theme/app/public/wp-includes/template-loader.php(106): include('/Users/chasedem...')
#16 /Users/chasedemaster.tech/Local Sites/insperity-theme/app/public/wp-blog-header.php(19): require_once('/Users/chasedem...')
#17 /Users/chasedemaster.tech/Local Sites/insperity-theme/app/public/index.php(17): require('/Users/chasedem...')
#18 {main}

Next Illuminate\View\ViewException: syntax error, unexpected variable "$post", expecting ")" (View: /Users/chasedemaster.tech/Local Sites/insperity-theme/app/public/wp-content/themes/insperitytheme/resources/views/partials/content-client_stories.blade.php) in /Users/chasedemaster.tech/Local Sites/insperity-theme/app/public/wp-content/cache/acorn/framework/views/d97d794e9fd0b722bfaa0df890581ffd29b71acb.php:6
Stack trace:
#0 /Users/chasedemaster.tech/Local Sites/insperity-theme/app/public/wp-content/themes/insperitytheme/vendor/illuminate/view/Engines/PhpEngine.php(60): Illuminate\View\Engines\CompilerEngine->handleViewException(Object(ParseError), 3)
#1 /Users/chasedemaster.tech/Local Sites/insperity-theme/app/public/wp-content/themes/insperitytheme/vendor/illuminate/view/Engines/CompilerEngine.php(70): Illuminate\View\Engines\PhpEngine->evaluatePath('/Users/chasedem...', Array)
#2 /Users/chasedemaster.tech/Local Sites/insperity-theme/app/public/wp-content/themes/insperitytheme/vendor/illuminate/view/View.php(195): Illuminate\View\Engines\CompilerEngine->get('/Users/chasedem...', Array)
#3 /Users/chasedemaster.tech/Local Sites/insperity-theme/app/public/wp-content/themes/insperitytheme/vendor/illuminate/view/View.php(178): Illuminate\View\View->getContents()
#4 /Users/chasedemaster.tech/Local Sites/insperity-theme/app/public/wp-content/themes/insperitytheme/vendor/illuminate/view/View.php(147): Illuminate\View\View->renderContents()
#5 /Users/chasedemaster.tech/Local Sites/insperity-theme/app/public/wp-content/cache/acorn/framework/views/759216e519474fcdc96c62dcd1ee210f8a011187.php(29): Illuminate\View\View->render()
#6 /Users/chasedemaster.tech/Local Sites/insperity-theme/app/public/wp-content/themes/insperitytheme/vendor/illuminate/filesystem/Filesystem.php(109): require('/Users/chasedem...')
#7 /Users/chasedemaster.tech/Local Sites/insperity-theme/app/public/wp-content/themes/insperitytheme/vendor/illuminate/filesystem/Filesystem.php(110): Illuminate\Filesystem\Filesystem::Illuminate\Filesystem\{closure}()
#8 /Users/chasedemaster.tech/Local Sites/insperity-theme/app/public/wp-content/themes/insperitytheme/vendor/illuminate/view/Engines/PhpEngine.php(58): Illuminate\Filesystem\Filesystem->getRequire('/Users/chasedem...', Array)
#9 /Users/chasedemaster.tech/Local Sites/insperity-theme/app/public/wp-content/themes/insperitytheme/vendor/illuminate/view/Engines/CompilerEngine.php(70): Illuminate\View\Engines\PhpEngine->evaluatePath('/Users/chasedem...', Array)
#10 /Users/chasedemaster.tech/Local Sites/insperity-theme/app/public/wp-content/themes/insperitytheme/vendor/illuminate/view/View.php(195): Illuminate\View\Engines\CompilerEngine->get('/Users/chasedem...', Array)
#11 /Users/chasedemaster.tech/Local Sites/insperity-theme/app/public/wp-content/themes/insperitytheme/vendor/illuminate/view/View.php(178): Illuminate\View\View->getContents()
#12 /Users/chasedemaster.tech/Local Sites/insperity-theme/app/public/wp-content/themes/insperitytheme/vendor/illuminate/view/View.php(147): Illuminate\View\View->renderContents()
#13 /Users/chasedemaster.tech/Local Sites/insperity-theme/app/public/wp-content/themes/insperitytheme/index.php(14): Illuminate\View\View->render()
#14 /Users/chasedemaster.tech/Local Sites/insperity-theme/app/public/wp-includes/template-loader.php(106): include('/Users/chasedem...')
#15 /Users/chasedemaster.tech/Local Sites/insperity-theme/app/public/wp-blog-header.php(19): require_once('/Users/chasedem...')
#16 /Users/chasedemaster.tech/Local Sites/insperity-theme/app/public/index.php(17): require('/Users/chasedem...')
#17 {main}

Next Illuminate\View\ViewException: syntax error, unexpected variable "$post", expecting ")" (View: /Users/chasedemaster.tech/Local Sites/insperity-theme/app/public/wp-content/themes/insperitytheme/resources/views/partials/content-client_stories.blade.php) (View: /Users/chasedemaster.tech/Local Sites/insperity-theme/app/public/wp-content/themes/insperitytheme/resources/views/partials/content-client_stories.blade.php) in /Users/chasedemaster.tech/Local Sites/insperity-theme/app/public/wp-content/cache/acorn/framework/views/d97d794e9fd0b722bfaa0df890581ffd29b71acb.php:6
Stack trace:
#0 /Users/chasedemaster.tech/Local Sites/insperity-theme/app/public/wp-content/themes/insperitytheme/vendor/illuminate/view/Engines/PhpEngine.php(60): Illuminate\View\Engines\CompilerEngine->handleViewException(Object(Illuminate\View\ViewException), 1)
#1 /Users/chasedemaster.tech/Local Sites/insperity-theme/app/public/wp-content/themes/insperitytheme/vendor/illuminate/view/Engines/CompilerEngine.php(70): Illuminate\View\Engines\PhpEngine->evaluatePath('/Users/chasedem...', Array)
#2 /Users/chasedemaster.tech/Local Sites/insperity-theme/app/public/wp-content/themes/insperitytheme/vendor/illuminate/view/View.php(195): Illuminate\View\Engines\CompilerEngine->get('/Users/chasedem...', Array)
#3 /Users/chasedemaster.tech/Local Sites/insperity-theme/app/public/wp-content/themes/insperitytheme/vendor/illuminate/view/View.php(178): Illuminate\View\View->getContents()
#4 /Users/chasedemaster.tech/Local Sites/insperity-theme/app/public/wp-content/themes/insperitytheme/vendor/illuminate/view/View.php(147): Illuminate\View\View->renderContents()
#5 /Users/chasedemaster.tech/Local Sites/insperity-theme/app/public/wp-content/themes/insperitytheme/index.php(14): Illuminate\View\View->render()
#6 /Users/chasedemaster.tech/Local Sites/insperity-theme/app/public/wp-includes/template-loader.php(106): include('/Users/chasedem...')
#7 /Users/chasedemaster.tech/Local Sites/insperity-theme/app/public/wp-blog-header.php(19): require_once('/Users/chasedem...')
#8 /Users/chasedemaster.tech/Local Sites/insperity-theme/app/public/index.php(17): require('/Users/chasedem...')
#9 {main}
  thrown in /Users/chasedemaster.tech/Local Sites/insperity-theme/app/public/wp-content/cache/acorn/framework/views/d97d794e9fd0b722bfaa0df890581ffd29b71acb.php on line 6
[29-Mar-2023 11:16:54 UTC] PHP Fatal error:  Uncaught ParseError: syntax error, unexpected token ")" in /Users/chasedemaster.tech/Local Sites/insperity-theme/app/public/wp-content/cache/acorn/framework/views/d97d794e9fd0b722bfaa0df890581ffd29b71acb.php:6
Stack trace:
#0 /Users/chasedemaster.tech/Local Sites/insperity-theme/app/public/wp-content/themes/insperitytheme/vendor/illuminate/filesystem/Filesystem.php(110): Illuminate\Filesystem\Filesystem::Illuminate\Filesystem\{closure}()
#1 /Users/chasedemaster.tech/Local Sites/insperity-theme/app/public/wp-content/themes/insperitytheme/vendor/illuminate/view/Engines/PhpEngine.php(58): Illuminate\Filesystem\Filesystem->getRequire('/Users/chasedem...', Array)
#2 /Users/chasedemaster.tech/Local Sites/insperity-theme/app/public/wp-content/themes/insperitytheme/vendor/illuminate/view/Engines/CompilerEngine.php(70): Illuminate\View\Engines\PhpEngine->evaluatePath('/Users/chasedem...', Array)
#3 /Users/chasedemaster.tech/Local Sites/insperity-theme/app/public/wp-content/themes/insperitytheme/vendor/illuminate/view/View.php(195): Illuminate\View\Engines\CompilerEngine->get('/Users/chasedem...', Array)
#4 /Users/chasedemaster.tech/Local Sites/insperity-theme/app/public/wp-content/themes/insperitytheme/vendor/illuminate/view/View.php(178): Illuminate\View\View->getContents()
#5 /Users/chasedemaster.tech/Local Sites/insperity-theme/app/public/wp-content/themes/insperitytheme/vendor/illuminate/view/View.php(147): Illuminate\View\View->renderContents()
#6 /Users/chasedemaster.tech/Local Sites/insperity-theme/app/public/wp-content/cache/acorn/framework/views/759216e519474fcdc96c62dcd1ee210f8a011187.php(29): Illuminate\View\View->render()
#7 /Users/chasedemaster.tech/Local Sites/insperity-theme/app/public/wp-content/themes/insperitytheme/vendor/illuminate/filesystem/Filesystem.php(109): require('/Users/chasedem...')
#8 /Users/chasedemaster.tech/Local Sites/insperity-theme/app/public/wp-content/themes/insperitytheme/vendor/illuminate/filesystem/Filesystem.php(110): Illuminate\Filesystem\Filesystem::Illuminate\Filesystem\{closure}()
#9 /Users/chasedemaster.tech/Local Sites/insperity-theme/app/public/wp-content/themes/insperitytheme/vendor/illuminate/view/Engines/PhpEngine.php(58): Illuminate\Filesystem\Filesystem->getRequire('/Users/chasedem...', Array)
#10 /Users/chasedemaster.tech/Local Sites/insperity-theme/app/public/wp-content/themes/insperitytheme/vendor/illuminate/view/Engines/CompilerEngine.php(70): Illuminate\View\Engines\PhpEngine->evaluatePath('/Users/chasedem...', Array)
#11 /Users/chasedemaster.tech/Local Sites/insperity-theme/app/public/wp-content/themes/insperitytheme/vendor/illuminate/view/View.php(195): Illuminate\View\Engines\CompilerEngine->get('/Users/chasedem...', Array)
#12 /Users/chasedemaster.tech/Local Sites/insperity-theme/app/public/wp-content/themes/insperitytheme/vendor/illuminate/view/View.php(178): Illuminate\View\View->getContents()
#13 /Users/chasedemaster.tech/Local Sites/insperity-theme/app/public/wp-content/themes/insperitytheme/vendor/illuminate/view/View.php(147): Illuminate\View\View->renderContents()
#14 /Users/chasedemaster.tech/Local Sites/insperity-theme/app/public/wp-content/themes/insperitytheme/index.php(14): Illuminate\View\View->render()
#15 /Users/chasedemaster.tech/Local Sites/insperity-theme/app/public/wp-includes/template-loader.php(106): include('/Users/chasedem...')
#16 /Users/chasedemaster.tech/Local Sites/insperity-theme/app/public/wp-blog-header.php(19): require_once('/Users/chasedem...')
#17 /Users/chasedemaster.tech/Local Sites/insperity-theme/app/public/index.php(17): require('/Users/chasedem...')
#18 {main}

Next Illuminate\View\ViewException: syntax error, unexpected token ")" (View: /Users/chasedemaster.tech/Local Sites/insperity-theme/app/public/wp-content/themes/insperitytheme/resources/views/partials/content-client_stories.blade.php) in /Users/chasedemaster.tech/Local Sites/insperity-theme/app/public/wp-content/cache/acorn/framework/views/d97d794e9fd0b722bfaa0df890581ffd29b71acb.php:6
Stack trace:
#0 /Users/chasedemaster.tech/Local Sites/insperity-theme/app/public/wp-content/themes/insperitytheme/vendor/illuminate/view/Engines/PhpEngine.php(60): Illuminate\View\Engines\CompilerEngine->handleViewException(Object(ParseError), 3)
#1 /Users/chasedemaster.tech/Local Sites/insperity-theme/app/public/wp-content/themes/insperitytheme/vendor/illuminate/view/Engines/CompilerEngine.php(70): Illuminate\View\Engines\PhpEngine->evaluatePath('/Users/chasedem...', Array)
#2 /Users/chasedemaster.tech/Local Sites/insperity-theme/app/public/wp-content/themes/insperitytheme/vendor/illuminate/view/View.php(195): Illuminate\View\Engines\CompilerEngine->get('/Users/chasedem...', Array)
#3 /Users/chasedemaster.tech/Local Sites/insperity-theme/app/public/wp-content/themes/insperitytheme/vendor/illuminate/view/View.php(178): Illuminate\View\View->getContents()
#4 /Users/chasedemaster.tech/Local Sites/insperity-theme/app/public/wp-content/themes/insperitytheme/vendor/illuminate/view/View.php(147): Illuminate\View\View->renderContents()
#5 /Users/chasedemaster.tech/Local Sites/insperity-theme/app/public/wp-content/cache/acorn/framework/views/759216e519474fcdc96c62dcd1ee210f8a011187.php(29): Illuminate\View\View->render()
#6 /Users/chasedemaster.tech/Local Sites/insperity-theme/app/public/wp-content/themes/insperitytheme/vendor/illuminate/filesystem/Filesystem.php(109): require('/Users/chasedem...')
#7 /Users/chasedemaster.tech/Local Sites/insperity-theme/app/public/wp-content/themes/insperitytheme/vendor/illuminate/filesystem/Filesystem.php(110): Illuminate\Filesystem\Filesystem::Illuminate\Filesystem\{closure}()
#8 /Users/chasedemaster.tech/Local Sites/insperity-theme/app/public/wp-content/themes/insperitytheme/vendor/illuminate/view/Engines/PhpEngine.php(58): Illuminate\Filesystem\Filesystem->getRequire('/Users/chasedem...', Array)
#9 /Users/chasedemaster.tech/Local Sites/insperity-theme/app/public/wp-content/themes/insperitytheme/vendor/illuminate/view/Engines/CompilerEngine.php(70): Illuminate\View\Engines\PhpEngine->evaluatePath('/Users/chasedem...', Array)
#10 /Users/chasedemaster.tech/Local Sites/insperity-theme/app/public/wp-content/themes/insperitytheme/vendor/illuminate/view/View.php(195): Illuminate\View\Engines\CompilerEngine->get('/Users/chasedem...', Array)
#11 /Users/chasedemaster.tech/Local Sites/insperity-theme/app/public/wp-content/themes/insperitytheme/vendor/illuminate/view/View.php(178): Illuminate\View\View->getContents()
#12 /Users/chasedemaster.tech/Local Sites/insperity-theme/app/public/wp-content/themes/insperitytheme/vendor/illuminate/view/View.php(147): Illuminate\View\View->renderContents()
#13 /Users/chasedemaster.tech/Local Sites/insperity-theme/app/public/wp-content/themes/insperitytheme/index.php(14): Illuminate\View\View->render()
#14 /Users/chasedemaster.tech/Local Sites/insperity-theme/app/public/wp-includes/template-loader.php(106): include('/Users/chasedem...')
#15 /Users/chasedemaster.tech/Local Sites/insperity-theme/app/public/wp-blog-header.php(19): require_once('/Users/chasedem...')
#16 /Users/chasedemaster.tech/Local Sites/insperity-theme/app/public/index.php(17): require('/Users/chasedem...')
#17 {main}

Next Illuminate\View\ViewException: syntax error, unexpected token ")" (View: /Users/chasedemaster.tech/Local Sites/insperity-theme/app/public/wp-content/themes/insperitytheme/resources/views/partials/content-client_stories.blade.php) (View: /Users/chasedemaster.tech/Local Sites/insperity-theme/app/public/wp-content/themes/insperitytheme/resources/views/partials/content-client_stories.blade.php) in /Users/chasedemaster.tech/Local Sites/insperity-theme/app/public/wp-content/cache/acorn/framework/views/d97d794e9fd0b722bfaa0df890581ffd29b71acb.php:6
Stack trace:
#0 /Users/chasedemaster.tech/Local Sites/insperity-theme/app/public/wp-content/themes/insperitytheme/vendor/illuminate/view/Engines/PhpEngine.php(60): Illuminate\View\Engines\CompilerEngine->handleViewException(Object(Illuminate\View\ViewException), 1)
#1 /Users/chasedemaster.tech/Local Sites/insperity-theme/app/public/wp-content/themes/insperitytheme/vendor/illuminate/view/Engines/CompilerEngine.php(70): Illuminate\View\Engines\PhpEngine->evaluatePath('/Users/chasedem...', Array)
#2 /Users/chasedemaster.tech/Local Sites/insperity-theme/app/public/wp-content/themes/insperitytheme/vendor/illuminate/view/View.php(195): Illuminate\View\Engines\CompilerEngine->get('/Users/chasedem...', Array)
#3 /Users/chasedemaster.tech/Local Sites/insperity-theme/app/public/wp-content/themes/insperitytheme/vendor/illuminate/view/View.php(178): Illuminate\View\View->getContents()
#4 /Users/chasedemaster.tech/Local Sites/insperity-theme/app/public/wp-content/themes/insperitytheme/vendor/illuminate/view/View.php(147): Illuminate\View\View->renderContents()
#5 /Users/chasedemaster.tech/Local Sites/insperity-theme/app/public/wp-content/themes/insperitytheme/index.php(14): Illuminate\View\View->render()
#6 /Users/chasedemaster.tech/Local Sites/insperity-theme/app/public/wp-includes/template-loader.php(106): include('/Users/chasedem...')
#7 /Users/chasedemaster.tech/Local Sites/insperity-theme/app/public/wp-blog-header.php(19): require_once('/Users/chasedem...')
#8 /Users/chasedemaster.tech/Local Sites/insperity-theme/app/public/index.php(17): require('/Users/chasedem...')
#9 {main}
  thrown in /Users/chasedemaster.tech/Local Sites/insperity-theme/app/public/wp-content/cache/acorn/framework/views/d97d794e9fd0b722bfaa0df890581ffd29b71acb.php on line 6
